=== HLX OUROBOROS BOOTSTRAP ===
Phase 4: Self-hosting the HLX compiler written in HLX

Step 1: Building Rust bootstrap compiler...
✓ Rust compiler ready

Step 2: Compiling Self-Hosted Compiler (Stage 1)...
DEBUG: Emitting Loop at 44
DEBUG: Emitting Loop at 69
DEBUG: Emitting Loop at 167
DEBUG: Emitting Loop at 192
DEBUG: Emitting Loop at 633
DEBUG: Emitting Loop at 773
DEBUG: Emitting Loop at 942
DEBUG: Emitting Loop at 1004
DEBUG: Emitting Loop at 1696
DEBUG: Emitting Loop at 1798
DEBUG: Emitting Loop at 1968
DEBUG: Emitting Loop at 2330
DEBUG: Emitting Loop at 2542
DEBUG: Emitting Loop at 2629
DEBUG: Emitting Loop at 2995
DEBUG: Emitting Loop at 3079
DEBUG: Emitting Loop at 3206
DEBUG: Emitting Loop at 3264
DEBUG: Emitting Loop at 3356
DEBUG: Emitting Loop at 3395
Compiled /tmp/stage1_wrapped.hlxa -> stage1.lcc
  Instructions: 3476
  Hash: ebc2b631e65ea3c8
✓ Stage 1 built: stage1.lcc

Step 3: Self-Compilation (Stage 2) - THE OUROBOROS! 🐍
  (Running Stage 1 to compile its own source...)
DEBUG: Native tokenization complete. Generated 8693 tokens.
DEBUG: Last token: Object({"type": String("RBRACE"), "val": String("}")})
"Compiling function: is_digit"
"Compiling function: is_alpha"
"Compiling function: tokenize"
"Compiling function: parse_primary"
"Compiling function: parse_expr"
"Compiling function: parse_stmt"
"Compiling function: compile_expr"
"Compiling function: compile_stmt"
"Compiling function: compile"

=== EXECUTION CRASH DUMP ===
Last 50 instructions executed:
  PC 3105: Index { out: 2540, container: 2218, index: 2539 }
  PC 3106: Constant { out: 2541, val: String("stack") }
  PC 3107: Index { out: 2542, container: 2218, index: 2541 }
  PC 3108: ObjectCreate { out: 2543, keys: ["tokens", "pos", "z_idx", "z_sym", "z_bc", "node", "result_reg", "stack"], values: [2525, 2527, 2529, 2531, 2536, 2538, 2540, 2542] }
  PC 3109: Move { out: 2218, src: 2543 }
  PC 3110: Constant { out: 2544, val: String("z_bc") }
  PC 3111: Index { out: 2545, container: 2218, index: 2544 }
  PC 3112: Index { out: 2546, container: 2545, index: 2487 }
  PC 3113: Constant { out: 2547, val: String("Loop") }
  PC 3114: Constant { out: 2548, val: String("cond") }
  PC 3115: Index { out: 2549, container: 2546, index: 2548 }
  PC 3116: Constant { out: 2550, val: String("body") }
  PC 3117: Index { out: 2551, container: 2546, index: 2550 }
  PC 3118: Call { out: 2552, func: "len", args: [2545] }
  PC 3119: Constant { out: 2553, val: String("max_iter") }
  PC 3120: Index { out: 2554, container: 2546, index: 2553 }
  PC 3121: ObjectCreate { out: 2555, keys: ["op", "cond", "body", "exit", "max_iter"], values: [2547, 2549, 2551, 2552, 2554] }
  PC 3122: Store { container: 2545, index: 2487, value: 2555 }
  PC 3123: Constant { out: 2556, val: String("tokens") }
  PC 3124: Index { out: 2557, container: 2218, index: 2556 }
  PC 3125: Constant { out: 2558, val: String("pos") }
  PC 3126: Index { out: 2559, container: 2218, index: 2558 }
  PC 3127: Constant { out: 2560, val: String("z_idx") }
  PC 3128: Index { out: 2561, container: 2218, index: 2560 }
  PC 3129: Constant { out: 2562, val: String("z_sym") }
  PC 3130: Index { out: 2563, container: 2218, index: 2562 }
  PC 3131: Constant { out: 2564, val: String("node") }
  PC 3132: Index { out: 2565, container: 2218, index: 2564 }
  PC 3133: Constant { out: 2566, val: String("result_reg") }
  PC 3134: Index { out: 2567, container: 2218, index: 2566 }
  PC 3135: Constant { out: 2568, val: String("stack") }
  PC 3136: Index { out: 2569, container: 2218, index: 2568 }
  PC 3137: ObjectCreate { out: 2570, keys: ["tokens", "pos", "z_idx", "z_sym", "z_bc", "node", "result_reg", "stack"], values: [2557, 2559, 2561, 2563, 2545, 2565, 2567, 2569] }
  PC 3138: Move { out: 2218, src: 2570 }
  PC 3139: Jump { target: 3190 }
  PC 3190: Return { val: 2218 }
  PC 3404: Move { out: 2624, src: 2786 }
  PC 3405: Jump { target: 3406 }
  PC 3406: Constant { out: 2787, val: Null }
  PC 3407: Eq { out: 2788, lhs: 2624, rhs: 2787 }
  PC 3408: If { cond: 2788, then_block: 3409, else_block: 3411 }
  PC 3411: Jump { target: 3382 }
  PC 3382: Constant { out: 2768, val: String("pos") }
  PC 3383: Index { out: 2769, container: 2624, index: 2768 }
  PC 3384: Lt { out: 2770, lhs: 2769, rhs: 2625 }
  PC 3385: Constant { out: 2771, val: String("tokens") }
  PC 3386: Index { out: 2772, container: 2624, index: 2771 }
  PC 3387: Constant { out: 2773, val: String("pos") }
  PC 3388: Index { out: 2774, container: 2624, index: 2773 }
  PC 3389: Index { out: 2775, container: 2772, index: 2774 }
============================

Error: Execution failed

Caused by:
    E_VALIDATION_FAIL: Index 8693 out of bounds
