warning: unused import: `Instruction`
 --> hlx_runtime/src/backend.rs:6:31
  |
6 | use hlx_core::{Value, Result, Instruction};
  |                               ^^^^^^^^^^^
  |
  = note: `#[warn(unused_imports)]` (part of `#[warn(unused)]`) on by default

warning: unused import: `DType`
 --> hlx_runtime/src/executor.rs:8:61
  |
8 | use crate::backend::{Backend, create_backend, TensorHandle, DType};
  |                                                             ^^^^^

warning: unused import: `Array`
 --> hlx_runtime/src/backends/cpu.rs:9:15
  |
9 | use ndarray::{Array, ArrayD, IxDyn};
  |               ^^^^^

warning: unused import: `HlxError`
  --> hlx_runtime/src/lib.rs:53:41
   |
53 | use hlx_core::{HlxCrate, Value, Result, HlxError};
   |                                         ^^^^^^^^

warning: unused variable: `config`
  --> hlx_runtime/src/backends/vulkan.rs:46:16
   |
46 |     pub fn new(config: &RuntimeConfig) -> Result<Self> {
   |                ^^^^^^ help: if this is intentional, prefix it with an underscore: `_config`
   |
   = note: `#[warn(unused_variables)]` (part of `#[warn(unused)]`) on by default

warning: unused variable: `type_filter`
   --> hlx_runtime/src/backends/vulkan.rs:204:32
    |
204 |     fn find_memory_type(&self, type_filter: u32, properties: vk::MemoryPropertyFlags) -> Option<u32> {
    |                                ^^^^^^^^^^^ help: if this is intentional, prefix it with an underscore: `_type_filter`

warning: unused variable: `properties`
   --> hlx_runtime/src/backends/vulkan.rs:204:50
    |
204 |     fn find_memory_type(&self, type_filter: u32, properties: vk::MemoryPropertyFlags) -> Option<u32> {
    |                                                  ^^^^^^^^^^ help: if this is intentional, prefix it with an underscore: `_properties`

warning: unnecessary `unsafe` block
   --> hlx_runtime/src/backends/vulkan.rs:205:9
    |
205 |         unsafe {
    |         ^^^^^^ unnecessary `unsafe` block
    |
    = note: `#[warn(unused_unsafe)]` (part of `#[warn(unused)]`) on by default

warning: unused variable: `a`
   --> hlx_runtime/src/backends/vulkan.rs:557:26
    |
557 |     fn matmul(&mut self, a: TensorHandle, b: TensorHandle, out: TensorHandle) -> Result<()> {
    |                          ^ help: if this is intentional, prefix it with an underscore: `_a`

warning: unused variable: `b`
   --> hlx_runtime/src/backends/vulkan.rs:557:43
    |
557 |     fn matmul(&mut self, a: TensorHandle, b: TensorHandle, out: TensorHandle) -> Result<()> {
    |                                           ^ help: if this is intentional, prefix it with an underscore: `_b`

warning: unused variable: `out`
   --> hlx_runtime/src/backends/vulkan.rs:557:60
    |
557 |     fn matmul(&mut self, a: TensorHandle, b: TensorHandle, out: TensorHandle) -> Result<()> {
    |                                                            ^^^ help: if this is intentional, prefix it with an underscore: `_out`

warning: unused variable: `a`
   --> hlx_runtime/src/backends/vulkan.rs:562:31
    |
562 |     fn matmul_bias(&mut self, a: TensorHandle, b: TensorHandle, bias: TensorHandle, out: TensorHandle) -> Result<()> { Ok(()) }
    |                               ^ help: if this is intentional, prefix it with an underscore: `_a`

warning: unused variable: `b`
   --> hlx_runtime/src/backends/vulkan.rs:562:48
    |
562 |     fn matmul_bias(&mut self, a: TensorHandle, b: TensorHandle, bias: TensorHandle, out: TensorHandle) -> Result<()> { Ok(()) }
    |                                                ^ help: if this is intentional, prefix it with an underscore: `_b`

warning: unused variable: `bias`
   --> hlx_runtime/src/backends/vulkan.rs:562:65
    |
562 |     fn matmul_bias(&mut self, a: TensorHandle, b: TensorHandle, bias: TensorHandle, out: TensorHandle) -> Result<()> { Ok(()) }
    |                                                                 ^^^^ help: if this is intentional, prefix it with an underscore: `_bias`

warning: unused variable: `out`
   --> hlx_runtime/src/backends/vulkan.rs:562:85
    |
562 |     fn matmul_bias(&mut self, a: TensorHandle, b: TensorHandle, bias: TensorHandle, out: TensorHandle) -> Result<()> { Ok(()) }
    |                                                                                     ^^^ help: if this is intentional, prefix it with an underscore: `_out`

warning: unused variable: `input`
   --> hlx_runtime/src/backends/vulkan.rs:563:30
    |
563 |     fn layer_norm(&mut self, input: TensorHandle, gamma: TensorHandle, beta: TensorHandle, out: TensorHandle, eps: f64) -> Result<()> { O...
    |                              ^^^^^ help: if this is intentional, prefix it with an underscore: `_input`

warning: unused variable: `gamma`
   --> hlx_runtime/src/backends/vulkan.rs:563:51
    |
563 |     fn layer_norm(&mut self, input: TensorHandle, gamma: TensorHandle, beta: TensorHandle, out: TensorHandle, eps: f64) -> Result<()> { O...
    |                                                   ^^^^^ help: if this is intentional, prefix it with an underscore: `_gamma`

warning: unused variable: `beta`
   --> hlx_runtime/src/backends/vulkan.rs:563:72
    |
563 | ...orHandle, gamma: TensorHandle, beta: TensorHandle, out: TensorHandle, eps: f64) -> Result<()> { Ok(()) }
    |                                   ^^^^ help: if this is intentional, prefix it with an underscore: `_beta`

warning: unused variable: `out`
   --> hlx_runtime/src/backends/vulkan.rs:563:92
    |
563 | ...nsorHandle, beta: TensorHandle, out: TensorHandle, eps: f64) -> Result<()> { Ok(()) }
    |                                    ^^^ help: if this is intentional, prefix it with an underscore: `_out`

warning: unused variable: `eps`
   --> hlx_runtime/src/backends/vulkan.rs:563:111
    |
563 | ...ensorHandle, out: TensorHandle, eps: f64) -> Result<()> { Ok(()) }
    |                                    ^^^ help: if this is intentional, prefix it with an underscore: `_eps`

warning: unused variable: `input`
   --> hlx_runtime/src/backends/vulkan.rs:564:27
    |
564 |     fn softmax(&mut self, input: TensorHandle, out: TensorHandle, dim: i32) -> Result<()> { Ok(()) }
    |                           ^^^^^ help: if this is intentional, prefix it with an underscore: `_input`

warning: unused variable: `out`
   --> hlx_runtime/src/backends/vulkan.rs:564:48
    |
564 |     fn softmax(&mut self, input: TensorHandle, out: TensorHandle, dim: i32) -> Result<()> { Ok(()) }
    |                                                ^^^ help: if this is intentional, prefix it with an underscore: `_out`

warning: unused variable: `dim`
   --> hlx_runtime/src/backends/vulkan.rs:564:67
    |
564 |     fn softmax(&mut self, input: TensorHandle, out: TensorHandle, dim: i32) -> Result<()> { Ok(()) }
    |                                                                   ^^^ help: if this is intentional, prefix it with an underscore: `_dim`

warning: unused variable: `input`
   --> hlx_runtime/src/backends/vulkan.rs:565:24
    |
565 |     fn gelu(&mut self, input: TensorHandle, out: TensorHandle) -> Result<()> { Ok(()) }
    |                        ^^^^^ help: if this is intentional, prefix it with an underscore: `_input`

warning: unused variable: `out`
   --> hlx_runtime/src/backends/vulkan.rs:565:45
    |
565 |     fn gelu(&mut self, input: TensorHandle, out: TensorHandle) -> Result<()> { Ok(()) }
    |                                             ^^^ help: if this is intentional, prefix it with an underscore: `_out`

warning: unused variable: `input`
   --> hlx_runtime/src/backends/vulkan.rs:566:24
    |
566 |     fn relu(&mut self, input: TensorHandle, out: TensorHandle) -> Result<()> { Ok(()) }
    |                        ^^^^^ help: if this is intentional, prefix it with an underscore: `_input`

warning: unused variable: `out`
   --> hlx_runtime/src/backends/vulkan.rs:566:45
    |
566 |     fn relu(&mut self, input: TensorHandle, out: TensorHandle) -> Result<()> { Ok(()) }
    |                                             ^^^ help: if this is intentional, prefix it with an underscore: `_out`

warning: unused variable: `q`
   --> hlx_runtime/src/backends/vulkan.rs:567:29
    |
567 |     fn attention(&mut self, q: TensorHandle, k: TensorHandle, v: TensorHandle, out: TensorHandle, mask: Option<TensorHandle>, scale: f64)...
    |                             ^ help: if this is intentional, prefix it with an underscore: `_q`

warning: unused variable: `k`
   --> hlx_runtime/src/backends/vulkan.rs:567:46
    |
567 |     fn attention(&mut self, q: TensorHandle, k: TensorHandle, v: TensorHandle, out: TensorHandle, mask: Option<TensorHandle>, scale: f64)...
    |                                              ^ help: if this is intentional, prefix it with an underscore: `_k`

warning: unused variable: `v`
   --> hlx_runtime/src/backends/vulkan.rs:567:63
    |
567 |     fn attention(&mut self, q: TensorHandle, k: TensorHandle, v: TensorHandle, out: TensorHandle, mask: Option<TensorHandle>, scale: f64)...
    |                                                               ^ help: if this is intentional, prefix it with an underscore: `_v`

warning: unused variable: `out`
   --> hlx_runtime/src/backends/vulkan.rs:567:80
    |
567 | ... TensorHandle, v: TensorHandle, out: TensorHandle, mask: Option<TensorHandle>, scale: f64) -> Result<()> { Ok(()) }
    |                                    ^^^ help: if this is intentional, prefix it with an underscore: `_out`

warning: unused variable: `mask`
   --> hlx_runtime/src/backends/vulkan.rs:567:99
    |
567 | ...nsorHandle, out: TensorHandle, mask: Option<TensorHandle>, scale: f64) -> Result<()> { Ok(()) }
    |                                   ^^^^ help: if this is intentional, prefix it with an underscore: `_mask`

warning: unused variable: `scale`
   --> hlx_runtime/src/backends/vulkan.rs:567:127
    |
567 | ..., mask: Option<TensorHandle>, scale: f64) -> Result<()> { Ok(()) }
    |                                  ^^^^^ help: if this is intentional, prefix it with an underscore: `_scale`

warning: unused variable: `logits`
   --> hlx_runtime/src/backends/vulkan.rs:568:33
    |
568 |     fn cross_entropy(&mut self, logits: TensorHandle, targets: TensorHandle, loss_out: TensorHandle, probs_out: TensorHandle) -> Result<(...
    |                                 ^^^^^^ help: if this is intentional, prefix it with an underscore: `_logits`

warning: unused variable: `targets`
   --> hlx_runtime/src/backends/vulkan.rs:568:55
    |
568 |     fn cross_entropy(&mut self, logits: TensorHandle, targets: TensorHandle, loss_out: TensorHandle, probs_out: TensorHandle) -> Result<(...
    |                                                       ^^^^^^^ help: if this is intentional, prefix it with an underscore: `_targets`

warning: unused variable: `loss_out`
   --> hlx_runtime/src/backends/vulkan.rs:568:78
    |
568 | ...le, targets: TensorHandle, loss_out: TensorHandle, probs_out: TensorHandle) -> Result<()> { Ok(()) }
    |                               ^^^^^^^^ help: if this is intentional, prefix it with an underscore: `_loss_out`

warning: unused variable: `probs_out`
   --> hlx_runtime/src/backends/vulkan.rs:568:102
    |
568 | ..., loss_out: TensorHandle, probs_out: TensorHandle) -> Result<()> { Ok(()) }
    |                              ^^^^^^^^^ help: if this is intentional, prefix it with an underscore: `_probs_out`

warning: unused variable: `input`
   --> hlx_runtime/src/backends/vulkan.rs:569:30
    |
569 |     fn reduce_sum(&mut self, input: TensorHandle, out: TensorHandle, dim: Option<i32>) -> Result<()> { Ok(()) }
    |                              ^^^^^ help: if this is intentional, prefix it with an underscore: `_input`

warning: unused variable: `out`
   --> hlx_runtime/src/backends/vulkan.rs:569:51
    |
569 |     fn reduce_sum(&mut self, input: TensorHandle, out: TensorHandle, dim: Option<i32>) -> Result<()> { Ok(()) }
    |                                                   ^^^ help: if this is intentional, prefix it with an underscore: `_out`

warning: unused variable: `dim`
   --> hlx_runtime/src/backends/vulkan.rs:569:70
    |
569 |     fn reduce_sum(&mut self, input: TensorHandle, out: TensorHandle, dim: Option<i32>) -> Result<()> { Ok(()) }
    |                                                                      ^^^ help: if this is intentional, prefix it with an underscore: `_dim`

warning: unused variable: `indices`
   --> hlx_runtime/src/backends/vulkan.rs:570:29
    |
570 |     fn embedding(&mut self, indices: TensorHandle, weight: TensorHandle, out: TensorHandle) -> Result<()> { Ok(()) }
    |                             ^^^^^^^ help: if this is intentional, prefix it with an underscore: `_indices`

warning: unused variable: `weight`
   --> hlx_runtime/src/backends/vulkan.rs:570:52
    |
570 |     fn embedding(&mut self, indices: TensorHandle, weight: TensorHandle, out: TensorHandle) -> Result<()> { Ok(()) }
    |                                                    ^^^^^^ help: if this is intentional, prefix it with an underscore: `_weight`

warning: unused variable: `out`
   --> hlx_runtime/src/backends/vulkan.rs:570:74
    |
570 |     fn embedding(&mut self, indices: TensorHandle, weight: TensorHandle, out: TensorHandle) -> Result<()> { Ok(()) }
    |                                                                          ^^^ help: if this is intentional, prefix it with an underscore: `_out`

warning: unused variable: `param`
   --> hlx_runtime/src/backends/vulkan.rs:571:31
    |
571 |     fn adam_update(&mut self, param: TensorHandle, grad: TensorHandle, m: TensorHandle, v: TensorHandle, lr: f64, beta1: f64, beta2: f64,...
    |                               ^^^^^ help: if this is intentional, prefix it with an underscore: `_param`

warning: unused variable: `grad`
   --> hlx_runtime/src/backends/vulkan.rs:571:52
    |
571 |     fn adam_update(&mut self, param: TensorHandle, grad: TensorHandle, m: TensorHandle, v: TensorHandle, lr: f64, beta1: f64, beta2: f64,...
    |                                                    ^^^^ help: if this is intentional, prefix it with an underscore: `_grad`

warning: unused variable: `m`
   --> hlx_runtime/src/backends/vulkan.rs:571:72
    |
571 | ...TensorHandle, grad: TensorHandle, m: TensorHandle, v: TensorHandle, lr: f64, beta1: f64, beta2: f64, eps: f64, step: u64) -> Result<()...
    |                                      ^ help: if this is intentional, prefix it with an underscore: `_m`

warning: unused variable: `v`
   --> hlx_runtime/src/backends/vulkan.rs:571:89
    |
571 | ...d: TensorHandle, m: TensorHandle, v: TensorHandle, lr: f64, beta1: f64, beta2: f64, eps: f64, step: u64) -> Result<()> { Ok(()) }
    |                                      ^ help: if this is intentional, prefix it with an underscore: `_v`

warning: unused variable: `lr`
   --> hlx_runtime/src/backends/vulkan.rs:571:106
    |
571 | ...: TensorHandle, v: TensorHandle, lr: f64, beta1: f64, beta2: f64, eps: f64, step: u64) -> Result<()> { Ok(()) }
    |                                     ^^ help: if this is intentional, prefix it with an underscore: `_lr`

warning: unused variable: `beta1`
   --> hlx_runtime/src/backends/vulkan.rs:571:115
    |
571 | ...le, v: TensorHandle, lr: f64, beta1: f64, beta2: f64, eps: f64, step: u64) -> Result<()> { Ok(()) }
    |                                  ^^^^^ help: if this is intentional, prefix it with an underscore: `_beta1`

warning: unused variable: `beta2`
   --> hlx_runtime/src/backends/vulkan.rs:571:127
    |
571 | ...rHandle, lr: f64, beta1: f64, beta2: f64, eps: f64, step: u64) -> Result<()> { Ok(()) }
    |                                  ^^^^^ help: if this is intentional, prefix it with an underscore: `_beta2`

warning: unused variable: `eps`
   --> hlx_runtime/src/backends/vulkan.rs:571:139
    |
571 | ...r: f64, beta1: f64, beta2: f64, eps: f64, step: u64) -> Result<()> { Ok(()) }
    |                                    ^^^ help: if this is intentional, prefix it with an underscore: `_eps`

warning: unused variable: `step`
   --> hlx_runtime/src/backends/vulkan.rs:571:149
    |
571 | ...a1: f64, beta2: f64, eps: f64, step: u64) -> Result<()> { Ok(()) }
    |                                   ^^^^ help: if this is intentional, prefix it with an underscore: `_step`

warning: field `config` is never read
  --> hlx_runtime/src/backends/cpu.rs:21:5
   |
13 | pub struct CpuBackend {
   |            ---------- field in this struct
...
21 |     config: RuntimeConfig,
   |     ^^^^^^
   |
   = note: `#[warn(dead_code)]` (part of `#[warn(unused)]`) on by default

warning: fields `queue_family_index`, `tuning`, and `command_pool` are never read
  --> hlx_runtime/src/backends/vulkan.rs:23:5
   |
18 | pub struct VulkanBackend {
   |            ------------- fields in this struct
...
23 |     queue_family_index: u32,
   |     ^^^^^^^^^^^^^^^^^^
24 |     allocator: Arc<Mutex<Allocator>>,
25 |     tuning: Box<dyn BackendTuning>,
   |     ^^^^^^
...
28 |     command_pool: vk::CommandPool,
   |     ^^^^^^^^^^^^

warning: method `find_memory_type` is never used
   --> hlx_runtime/src/backends/vulkan.rs:204:8
    |
 45 | impl VulkanBackend {
    | ------------------ method in this implementation
...
204 |     fn find_memory_type(&self, type_filter: u32, properties: vk::MemoryPropertyFlags) -> Option<u32> {
    |        ^^^^^^^^^^^^^^^^

warning: unused imports: `map_res`, `one_of`, and `separated_list0`
 --> hlx_compiler/src/hlxl.rs:7:67
  |
7 | ...omplete::{char, multispace0, multispace1, digit1, one_of},
  |                                                      ^^^^^^
8 | ...{opt, map, map_res, value},
  |               ^^^^^^^
9 | ...0, separated_list0},
  |       ^^^^^^^^^^^^^^^
  |
  = note: `#[warn(unused_imports)]` (part of `#[warn(unused)]`) on by default

warning: unused import: `HlxError`
 --> hlx_compiler/src/runic.rs:9:24
  |
9 | ...t, HlxError};
  |       ^^^^^^^^

warning: unused import: `multispace0`
 --> hlx_compiler/src/hlxc.rs:9:33
  |
9 | ...r, multispace0, m...
  |       ^^^^^^^^^^^

warning: unused imports: `DType` and `TensorShape`
 --> hlx_compiler/src/lower.rs:6:42
  |
6 | ...r, TensorShape, DType},
  |       ^^^^^^^^^^^  ^^^^^

warning: unused import: `Result as HlxResult`
  --> hlx_compiler/src/lib.rs:18:26
   |
18 | ...e, Result as HlxResult};
   |       ^^^^^^^^^^^^^^^^^^^

warning: unused variable: `c`
   --> hlx_compiler/src/ast.rs:208:29
    |
208 | ...ct(c) => {
    |       ^ help: if this is intentional, prefix it with an underscore: `_c`
    |
    = note: `#[warn(unused_variables)]` (part of `#[warn(unused)]`) on by default

warning: unused variable: `then_branch`
   --> hlx_compiler/src/hlxl.rs:259:48
    |
259 | ...n, then_branch, e...
    |       ^^^^^^^^^^^ help: try ignoring the field: `then_branch: _`

warning: unused variable: `else_branch`
   --> hlx_compiler/src/hlxl.rs:259:61
    |
259 | ...h, else_branch } ...
    |       ^^^^^^^^^^^ help: try ignoring the field: `else_branch: _`

warning: unused variable: `body`
   --> hlx_compiler/src/runic.rs:300:33
    |
300 | ... { body } ...
    |       ^^^^ help: try ignoring the field: `body: _`

warning: unused variable: `label`
  --> hlx_compiler/src/lower.rs:88:30
   |
88 | ...f, label: u...
   |       ^^^^^ help: if this is intentional, prefix it with an underscore: `_label`

warning: function `array_literal` is never used
   --> hlx_compiler/src/hlxc.rs:115:4
    |
115 | fn array_literal(in...
    |    ^^^^^^^^^^^^^
    |
    = note: `#[warn(dead_code)]` (part of `#[warn(unused)]`) on by default

warning: function `object_literal` is never used
   --> hlx_compiler/src/hlxc.rs:123:4
    |
123 | fn object_literal(in...
    |    ^^^^^^^^^^^^^^

warning: field `next_label` is never read
  --> hlx_compiler/src/lower.rs:60:5
   |
57 | struct LoweringContext {
   |        --------------- field in this struct
...
60 |     next_label: u32,
   |     ^^^^^^^^^^

warning: methods `next_label` and `emit_label` are never used
  --> hlx_compiler/src/lower.rs:82:8
   |
65 | impl LoweringContext {
   | -------------------- methods in this implementation
...
82 |     fn next_label(&mut ...
   |        ^^^^^^^^^^
...
88 |     fn emit_label(&mut ...
   |        ^^^^^^^^^^

warning: hiding a lifetime that's elided elsewhere is confusing
  --> hlx_compiler/src/hlxl.rs:32:14
   |
32 | ...t: &str) -> ParseResult<()> { ...
   |       ^^^^     ^^^^^^^^^^^^^^^ the same lifetime is hidden here
   |       |
   |       the lifetime is elided here
   |
   = help: the same lifetime is referred to in inconsistent ways, making the signature confusing
   = note: `#[warn(mismatched_lifetime_syntaxes)]` on by default
help: use `'_` for type paths
   |
32 | fn ws(input: &str) -> ParseResult<'_, ()> { value((), multispace0)(input) }
   |                                   +++

warning: hiding a lifetime that's elided elsewhere is confusing
  --> hlx_compiler/src/hlxl.rs:33:15
   |
33 | ...t: &str) -> ParseResult<()> { ...
   |       ^^^^     ^^^^^^^^^^^^^^^ the same lifetime is hidden here
   |       |
   |       the lifetime is elided here
   |
   = help: the same lifetime is referred to in inconsistent ways, making the signature confusing
help: use `'_` for type paths
   |
33 | fn ws1(input: &str) -> ParseResult<'_, ()> { value((), multispace1)(input) }
   |                                    +++

warning: hiding a lifetime that's elided elsewhere is confusing
  --> hlx_compiler/src/hlxl.rs:38:17
   |
38 | ...t: &str) -> ParseResult<String> {
   |       ^^^^     ^^^^^^^^^^^^^^^^^^^ the same lifetime is hidden here
   |       |
   |       the lifetime is elided here
   |
   = help: the same lifetime is referred to in inconsistent ways, making the signature confusing
help: use `'_` for type paths
   |
38 | fn ident(input: &str) -> ParseResult<'_, String> {
   |                                      +++

warning: hiding a lifetime that's elided elsewhere is confusing
  --> hlx_compiler/src/hlxl.rs:55:19
   |
55 | ...t: &str) -> ParseResult<Literal> {
   |       ^^^^     ^^^^^^^^^^^^^^^^^^^^ the same lifetime is hidden here
   |       |
   |       the lifetime is elided here
   |
   = help: the same lifetime is referred to in inconsistent ways, making the signature confusing
help: use `'_` for type paths
   |
55 | fn literal(input: &str) -> ParseResult<'_, Literal> {
   |                                        +++

warning: hiding a lifetime that's elided elsewhere is confusing
  --> hlx_compiler/src/hlxl.rs:72:24
   |
72 | ...t: &str) -> ParseResult<Expr> {
   |       ^^^^     ^^^^^^^^^^^^^^^^^ the same lifetime is hidden here
   |       |
   |       the lifetime is elided here
   |
   = help: the same lifetime is referred to in inconsistent ways, making the signature confusing
help: use `'_` for type paths
   |
72 | fn primary_expr(input: &str) -> ParseResult<'_, Expr> {
   |                                             +++

warning: hiding a lifetime that's elided elsewhere is confusing
  --> hlx_compiler/src/hlxl.rs:80:19
   |
80 | ...t: &str) -> ParseResult<Expr> {
   |       ^^^^     ^^^^^^^^^^^^^^^^^ the same lifetime is hidden here
   |       |
   |       the lifetime is elided here
   |
   = help: the same lifetime is referred to in inconsistent ways, making the signature confusing
help: use `'_` for type paths
   |
80 | fn op_expr(input: &str) -> ParseResult<'_, Expr> {
   |                                        +++

warning: hiding a lifetime that's elided elsewhere is confusing
   --> hlx_compiler/src/hlxl.rs:112:16
    |
112 | ...t: &str) -> ParseResult<Expr> {
    |       ^^^^     ^^^^^^^^^^^^^^^^^ the same lifetime is hidden here
    |       |
    |       the lifetime is elided here
    |
    = help: the same lifetime is referred to in inconsistent ways, making the signature confusing
help: use `'_` for type paths
    |
112 | fn expr(input: &str) -> ParseResult<'_, Expr> {
    |                                     +++

warning: hiding a lifetime that's elided elsewhere is confusing
   --> hlx_compiler/src/hlxl.rs:116:24
    |
116 | ...t: &str) -> ParseResult<Spanned<Expr>> {
    |       ^^^^     ^^^^^^^^^^^^^^^^^^^^^^^^^^ the same lifetime is hidden here
    |       |
    |       the lifetime is elided here
    |
    = help: the same lifetime is referred to in inconsistent ways, making the signature confusing
help: use `'_` for type paths
    |
116 | fn spanned_expr(input: &str) -> ParseResult<'_, Spanned<Expr>> {
    |                                             +++

warning: hiding a lifetime that's elided elsewhere is confusing
   --> hlx_compiler/src/hlxl.rs:121:21
    |
121 | ...t: &str) -> ParseResult<Statement> {
    |       ^^^^     ^^^^^^^^^^^^^^^^^^^^^^ the same lifetime is hidden here
    |       |
    |       the lifetime is elided here
    |
    = help: the same lifetime is referred to in inconsistent ways, making the signature confusing
help: use `'_` for type paths
    |
121 | fn statement(input: &str) -> ParseResult<'_, Statement> {
    |                                          +++

warning: hiding a lifetime that's elided elsewhere is confusing
   --> hlx_compiler/src/hlxl.rs:153:24
    |
153 | ...t: &str) -> ParseResult<Spanned<Statement>> {
    |       ^^^^     ^^^^^^^^^^^^^^^^...ame lifetime is hidden here
    |       |
    |       the lifetime is elided here
    |
    = help: the same lifetime is referred to in inconsistent ways, making the signature confusing
help: use `'_` for type paths
    |
153 | fn spanned_stmt(input: &str) -> ParseResult<'_, Spanned<Statement>> {
    |                                             +++

warning: hiding a lifetime that's elided elsewhere is confusing
   --> hlx_compiler/src/hlxl.rs:158:17
    |
158 | ...t: &str) -> ParseResult<Block> {
    |       ^^^^     ^^^^^^^^^^^^^^^^^^ the same lifetime is hidden here
    |       |
    |       the lifetime is elided here
    |
    = help: the same lifetime is referred to in inconsistent ways, making the signature confusing
help: use `'_` for type paths
    |
158 | fn block(input: &str) -> ParseResult<'_, Block> {
    |                                      +++

warning: hiding a lifetime that's elided elsewhere is confusing
   --> hlx_compiler/src/hlxl.rs:173:25
    |
173 | ...t: &str) -> ParseResult<Program> {
    |       ^^^^     ^^^^^^^^^^^^^^^^^^^^ the same lifetime is hidden here
    |       |
    |       the lifetime is elided here
    |
    = help: the same lifetime is referred to in inconsistent ways, making the signature confusing
help: use `'_` for type paths
    |
173 | fn parse_program(input: &str) -> ParseResult<'_, Program> {
    |                                              +++

warning: hiding a lifetime that's elided elsewhere is confusing
  --> hlx_compiler/src/hlxc.rs:33:14
   |
33 | ...t: &str) -> ParseResult<()> {
   |       ^^^^     ^^^^^^^^^^^^^^^ the same lifetime is hidden here
   |       |
   |       the lifetime is elided here
   |
   = help: the same lifetime is referred to in inconsistent ways, making the signature confusing
help: use `'_` for type paths
   |
33 | fn ws(input: &str) -> ParseResult<'_, ()> {
   |                                   +++

warning: hiding a lifetime that's elided elsewhere is confusing
  --> hlx_compiler/src/hlxc.rs:41:15
   |
41 | ...t: &str) -> ParseResult<()> {
   |       ^^^^     ^^^^^^^^^^^^^^^ the same lifetime is hidden here
   |       |
   |       the lifetime is elided here
   |
   = help: the same lifetime is referred to in inconsistent ways, making the signature confusing
help: use `'_` for type paths
   |
41 | fn ws1(input: &str) -> ParseResult<'_, ()> {
   |                                    +++

warning: hiding a lifetime that's elided elsewhere is confusing
  --> hlx_compiler/src/hlxc.rs:69:17
   |
69 | ...t: &str) -> ParseResult<String> {
   |       ^^^^     ^^^^^^^^^^^^^^^^^^^ the same lifetime is hidden here
   |       |
   |       the lifetime is elided here
   |
   = help: the same lifetime is referred to in inconsistent ways, making the signature confusing
help: use `'_` for type paths
   |
69 | fn ident(input: &str) -> ParseResult<'_, String> {
   |                                      +++

warning: hiding a lifetime that's elided elsewhere is confusing
  --> hlx_compiler/src/hlxc.rs:86:19
   |
86 | ...t: &str) -> ParseResult<Literal> {
   |       ^^^^     ^^^^^^^^^^^^^^^^^^^^ the same lifetime is hidden here
   |       |
   |       the lifetime is elided here
   |
   = help: the same lifetime is referred to in inconsistent ways, making the signature confusing
help: use `'_` for type paths
   |
86 | fn literal(input: &str) -> ParseResult<'_, Literal> {
   |                                        +++

warning: hiding a lifetime that's elided elsewhere is confusing
   --> hlx_compiler/src/hlxc.rs:115:25
    |
115 | ...t: &str) -> ParseResult<Literal> {
    |       ^^^^     ^^^^^^^^^^^^^^^^^^^^ the same lifetime is hidden here
    |       |
    |       the lifetime is elided here
    |
    = help: the same lifetime is referred to in inconsistent ways, making the signature confusing
help: use `'_` for type paths
    |
115 | fn array_literal(input: &str) -> ParseResult<'_, Literal> {
    |                                              +++

warning: hiding a lifetime that's elided elsewhere is confusing
   --> hlx_compiler/src/hlxc.rs:123:26
    |
123 | ...t: &str) -> ParseResult<Literal> {
    |       ^^^^     ^^^^^^^^^^^^^^^^^^^^ the same lifetime is hidden here
    |       |
    |       the lifetime is elided here
    |
    = help: the same lifetime is referred to in inconsistent ways, making the signature confusing
help: use `'_` for type paths
    |
123 | fn object_literal(input: &str) -> ParseResult<'_, Literal> {
    |                                               +++

warning: hiding a lifetime that's elided elsewhere is confusing
   --> hlx_compiler/src/hlxc.rs:134:21
    |
134 | ...t: &str) -> ParseResult<Expr> {
    |       ^^^^     ^^^^^^^^^^^^^^^^^ the same lifetime is hidden here
    |       |
    |       the lifetime is elided here
    |
    = help: the same lifetime is referred to in inconsistent ways, making the signature confusing
help: use `'_` for type paths
    |
134 | fn atom_expr(input: &str) -> ParseResult<'_, Expr> {
    |                                          +++

warning: hiding a lifetime that's elided elsewhere is confusing
   --> hlx_compiler/src/hlxc.rs:155:24
    |
155 | ...t: &str) -> ParseResult<Expr> {
    |       ^^^^     ^^^^^^^^^^^^^^^^^ the same lifetime is hidden here
    |       |
    |       the lifetime is elided here
    |
    = help: the same lifetime is referred to in inconsistent ways, making the signature confusing
help: use `'_` for type paths
    |
155 | fn primary_expr(input: &str) -> ParseResult<'_, Expr> {
    |                                             +++

warning: hiding a lifetime that's elided elsewhere is confusing
   --> hlx_compiler/src/hlxc.rs:197:20
    |
197 | ...t: &str) -> ParseResult<Expr> {
    |       ^^^^     ^^^^^^^^^^^^^^^^^ the same lifetime is hidden here
    |       |
    |       the lifetime is elided here
    |
    = help: the same lifetime is referred to in inconsistent ways, making the signature confusing
help: use `'_` for type paths
    |
197 | fn mul_expr(input: &str) -> ParseResult<'_, Expr> {
    |                                         +++

warning: hiding a lifetime that's elided elsewhere is confusing
   --> hlx_compiler/src/hlxc.rs:209:20
    |
209 | ...t: &str) -> ParseResult<Expr> {
    |       ^^^^     ^^^^^^^^^^^^^^^^^ the same lifetime is hidden here
    |       |
    |       the lifetime is elided here
    |
    = help: the same lifetime is referred to in inconsistent ways, making the signature confusing
help: use `'_` for type paths
    |
209 | fn add_expr(input: &str) -> ParseResult<'_, Expr> {
    |                                         +++

warning: hiding a lifetime that's elided elsewhere is confusing
   --> hlx_compiler/src/hlxc.rs:221:21
    |
221 | ...t: &str) -> ParseResult<Expr> {
    |       ^^^^     ^^^^^^^^^^^^^^^^^ the same lifetime is hidden here
    |       |
    |       the lifetime is elided here
    |
    = help: the same lifetime is referred to in inconsistent ways, making the signature confusing
help: use `'_` for type paths
    |
221 | fn comp_expr(input: &str) -> ParseResult<'_, Expr> {
    |                                          +++

warning: hiding a lifetime that's elided elsewhere is confusing
   --> hlx_compiler/src/hlxc.rs:235:19
    |
235 | ...t: &str) -> ParseResult<Expr> {
    |       ^^^^     ^^^^^^^^^^^^^^^^^ the same lifetime is hidden here
    |       |
    |       the lifetime is elided here
    |
    = help: the same lifetime is referred to in inconsistent ways, making the signature confusing
help: use `'_` for type paths
    |
235 | fn eq_expr(input: &str) -> ParseResult<'_, Expr> {
    |                                        +++

warning: hiding a lifetime that's elided elsewhere is confusing
   --> hlx_compiler/src/hlxc.rs:247:20
    |
247 | ...t: &str) -> ParseResult<Expr> {
    |       ^^^^     ^^^^^^^^^^^^^^^^^ the same lifetime is hidden here
    |       |
    |       the lifetime is elided here
    |
    = help: the same lifetime is referred to in inconsistent ways, making the signature confusing
help: use `'_` for type paths
    |
247 | fn and_expr(input: &str) -> ParseResult<'_, Expr> {
    |                                         +++

warning: hiding a lifetime that's elided elsewhere is confusing
   --> hlx_compiler/src/hlxc.rs:256:19
    |
256 | ...t: &str) -> ParseResult<Expr> {
    |       ^^^^     ^^^^^^^^^^^^^^^^^ the same lifetime is hidden here
    |       |
    |       the lifetime is elided here
    |
    = help: the same lifetime is referred to in inconsistent ways, making the signature confusing
help: use `'_` for type paths
    |
256 | fn or_expr(input: &str) -> ParseResult<'_, Expr> {
    |                                        +++

warning: hiding a lifetime that's elided elsewhere is confusing
   --> hlx_compiler/src/hlxc.rs:265:16
    |
265 | ...t: &str) -> ParseResult<Expr> {
    |       ^^^^     ^^^^^^^^^^^^^^^^^ the same lifetime is hidden here
    |       |
    |       the lifetime is elided here
    |
    = help: the same lifetime is referred to in inconsistent ways, making the signature confusing
help: use `'_` for type paths
    |
265 | fn expr(input: &str) -> ParseResult<'_, Expr> {
    |                                     +++

warning: hiding a lifetime that's elided elsewhere is confusing
   --> hlx_compiler/src/hlxc.rs:269:24
    |
269 | ...t: &str) -> ParseResult<Spanned<Expr>> {
    |       ^^^^     ^^^^^^^^^^^^^^^^^^^^^^^^^^ the same lifetime is hidden here
    |       |
    |       the lifetime is elided here
    |
    = help: the same lifetime is referred to in inconsistent ways, making the signature confusing
help: use `'_` for type paths
    |
269 | fn spanned_expr(input: &str) -> ParseResult<'_, Spanned<Expr>> {
    |                                             +++

warning: hiding a lifetime that's elided elsewhere is confusing
   --> hlx_compiler/src/hlxc.rs:276:21
    |
276 | ...t: &str) -> ParseResult<Statement> {
    |       ^^^^     ^^^^^^^^^^^^^^^^^^^^^^ the same lifetime is hidden here
    |       |
    |       the lifetime is elided here
    |
    = help: the same lifetime is referred to in inconsistent ways, making the signature confusing
help: use `'_` for type paths
    |
276 | fn statement(input: &str) -> ParseResult<'_, Statement> {
    |                                          +++

warning: hiding a lifetime that's elided elsewhere is confusing
   --> hlx_compiler/src/hlxc.rs:328:24
    |
328 | ...t: &str) -> ParseResult<Spanned<Statement>> {
    |       ^^^^     ^^^^^^^^^^^^^^^^...ame lifetime is hidden here
    |       |
    |       the lifetime is elided here
    |
    = help: the same lifetime is referred to in inconsistent ways, making the signature confusing
help: use `'_` for type paths
    |
328 | fn spanned_stmt(input: &str) -> ParseResult<'_, Spanned<Statement>> {
    |                                             +++

warning: hiding a lifetime that's elided elsewhere is confusing
   --> hlx_compiler/src/hlxc.rs:333:24
    |
333 | ...t: &str) -> ParseResult<Block> {
    |       ^^^^     ^^^^^^^^^^^^^^^^^^ the same lifetime is hidden here
    |       |
    |       the lifetime is elided here
    |
    = help: the same lifetime is referred to in inconsistent ways, making the signature confusing
help: use `'_` for type paths
    |
333 | fn function_def(input: &str) -> ParseResult<'_, Block> {
    |                                             +++

warning: hiding a lifetime that's elided elsewhere is confusing
   --> hlx_compiler/src/hlxc.rs:350:25
    |
350 | ...t: &str) -> ParseResult<Program> {
    |       ^^^^     ^^^^^^^^^^^^^^^^^^^^ the same lifetime is hidden here
    |       |
    |       the lifetime is elided here
    |
    = help: the same lifetime is referred to in inconsistent ways, making the signature confusing
help: use `'_` for type paths
    |
350 | fn parse_program(input: &str) -> ParseResult<'_, Program> {
    |                                              +++

warning: `hlx_runtime` (lib) generated 55 warnings (run `cargo fix --lib -p hlx_runtime` to apply 4 suggestions)
warning: `hlx_compiler` (lib) generated 46 warnings (run `cargo fix --lib -p hlx_compiler` to apply 37 suggestions)
warning: unused import: `RuntimeConfig`
  --> hlx_cli/src/main.rs:24:28
   |
24 | ...e, RuntimeConfig};
   |       ^^^^^^^^^^^^^
   |
   = note: `#[warn(unused_imports)]` (part of `#[warn(unused)]`) on by default

warning: `hlx_cli` (bin "hlx") generated 1 warning (run `cargo fix --bin "hlx"` to apply 1 suggestion)
    Finished `dev` profile [unoptimized + debuginfo] target(s) in 0.10s
     Running `target/debug/hlx --verbose run compiler.lcc`
